C:\Program Files (x86)\Microsoft Visual Studio\2017\Community\Common7\IDE\VC\VCTargets\Microsoft.CppBuild.targets(387,5): warning MSB8028: The intermediate directory (Debug\) contains files shared from another project (ScoutingStronghold.vcxproj, ScoutingStronghold.vcxproj).  This can lead to incorrect clean and rebuild behavior.
  main.cpp
  _WIN32_WINNT not defined. Defaulting to _WIN32_WINNT_MAXVER (see WinSDKVer.h)
f:\scoutingsteamworks\scoutingsteamworks\main.cpp(6): warning C4067: unexpected tokens following preprocessor directive - expected a newline
f:\scoutingsteamworks\scoutingsteamworks\team.h(79): warning C4927: illegal conversion; more than one user-defined conversion has been implicitly applied
  f:\scoutingsteamworks\scoutingsteamworks\team.h(79): note: while calling the constructor 'std::basic_string<char,std::char_traits<char>,std::allocator<char>>::basic_string(const _Elem *const )'
          with
          [
              _Elem=char
          ]
  c:\program files (x86)\microsoft visual studio\2017\community\vc\tools\msvc\14.10.25017\include\xstring(1978): note: see declaration of 'std::basic_string<char,std::char_traits<char>,std::allocator<char>>::basic_string'
f:\scoutingsteamworks\scoutingsteamworks\main.cpp(7): warning C4067: unexpected tokens following preprocessor directive - expected a newline
f:\scoutingsteamworks\scoutingsteamworks\standing.h(51): warning C4927: illegal conversion; more than one user-defined conversion has been implicitly applied
  f:\scoutingsteamworks\scoutingsteamworks\standing.h(51): note: while calling the constructor 'std::basic_string<char,std::char_traits<char>,std::allocator<char>>::basic_string(const _Elem *const )'
          with
          [
              _Elem=char
          ]
  c:\program files (x86)\microsoft visual studio\2017\community\vc\tools\msvc\14.10.25017\include\xstring(1978): note: see declaration of 'std::basic_string<char,std::char_traits<char>,std::allocator<char>>::basic_string'
f:\scoutingsteamworks\scoutingsteamworks\standing.h(52): warning C4927: illegal conversion; more than one user-defined conversion has been implicitly applied
  f:\scoutingsteamworks\scoutingsteamworks\standing.h(52): note: while calling the constructor 'std::basic_string<char,std::char_traits<char>,std::allocator<char>>::basic_string(const _Elem *const )'
          with
          [
              _Elem=char
          ]
  c:\program files (x86)\microsoft visual studio\2017\community\vc\tools\msvc\14.10.25017\include\xstring(1978): note: see declaration of 'std::basic_string<char,std::char_traits<char>,std::allocator<char>>::basic_string'
f:\scoutingsteamworks\scoutingsteamworks\standing.h(53): warning C4927: illegal conversion; more than one user-defined conversion has been implicitly applied
  f:\scoutingsteamworks\scoutingsteamworks\standing.h(53): note: while calling the constructor 'std::basic_string<char,std::char_traits<char>,std::allocator<char>>::basic_string(const _Elem *const )'
          with
          [
              _Elem=char
          ]
  c:\program files (x86)\microsoft visual studio\2017\community\vc\tools\msvc\14.10.25017\include\xstring(1978): note: see declaration of 'std::basic_string<char,std::char_traits<char>,std::allocator<char>>::basic_string'
f:\scoutingsteamworks\scoutingsteamworks\standing.h(54): warning C4927: illegal conversion; more than one user-defined conversion has been implicitly applied
  f:\scoutingsteamworks\scoutingsteamworks\standing.h(54): note: while calling the constructor 'std::basic_string<char,std::char_traits<char>,std::allocator<char>>::basic_string(const _Elem *const )'
          with
          [
              _Elem=char
          ]
  c:\program files (x86)\microsoft visual studio\2017\community\vc\tools\msvc\14.10.25017\include\xstring(1978): note: see declaration of 'std::basic_string<char,std::char_traits<char>,std::allocator<char>>::basic_string'
f:\scoutingsteamworks\scoutingsteamworks\standing.h(55): warning C4927: illegal conversion; more than one user-defined conversion has been implicitly applied
  f:\scoutingsteamworks\scoutingsteamworks\standing.h(55): note: while calling the constructor 'std::basic_string<char,std::char_traits<char>,std::allocator<char>>::basic_string(const _Elem *const )'
          with
          [
              _Elem=char
          ]
  c:\program files (x86)\microsoft visual studio\2017\community\vc\tools\msvc\14.10.25017\include\xstring(1978): note: see declaration of 'std::basic_string<char,std::char_traits<char>,std::allocator<char>>::basic_string'
f:\scoutingsteamworks\scoutingsteamworks\standing.h(57): warning C4927: illegal conversion; more than one user-defined conversion has been implicitly applied
  f:\scoutingsteamworks\scoutingsteamworks\standing.h(57): note: while calling the constructor 'std::basic_string<char,std::char_traits<char>,std::allocator<char>>::basic_string(const _Elem *const )'
          with
          [
              _Elem=char
          ]
  c:\program files (x86)\microsoft visual studio\2017\community\vc\tools\msvc\14.10.25017\include\xstring(1978): note: see declaration of 'std::basic_string<char,std::char_traits<char>,std::allocator<char>>::basic_string'
f:\scoutingsteamworks\scoutingsteamworks\standing.h(58): warning C4927: illegal conversion; more than one user-defined conversion has been implicitly applied
  f:\scoutingsteamworks\scoutingsteamworks\standing.h(58): note: while calling the constructor 'std::basic_string<char,std::char_traits<char>,std::allocator<char>>::basic_string(const _Elem *const )'
          with
          [
              _Elem=char
          ]
  c:\program files (x86)\microsoft visual studio\2017\community\vc\tools\msvc\14.10.25017\include\xstring(1978): note: see declaration of 'std::basic_string<char,std::char_traits<char>,std::allocator<char>>::basic_string'
f:\scoutingsteamworks\scoutingsteamworks\standing.h(59): warning C4927: illegal conversion; more than one user-defined conversion has been implicitly applied
  f:\scoutingsteamworks\scoutingsteamworks\standing.h(59): note: while calling the constructor 'std::basic_string<char,std::char_traits<char>,std::allocator<char>>::basic_string(const _Elem *const )'
          with
          [
              _Elem=char
          ]
  c:\program files (x86)\microsoft visual studio\2017\community\vc\tools\msvc\14.10.25017\include\xstring(1978): note: see declaration of 'std::basic_string<char,std::char_traits<char>,std::allocator<char>>::basic_string'
f:\scoutingsteamworks\scoutingsteamworks\standing.h(60): warning C4927: illegal conversion; more than one user-defined conversion has been implicitly applied
  f:\scoutingsteamworks\scoutingsteamworks\standing.h(60): note: while calling the constructor 'std::basic_string<char,std::char_traits<char>,std::allocator<char>>::basic_string(const _Elem *const )'
          with
          [
              _Elem=char
          ]
  c:\program files (x86)\microsoft visual studio\2017\community\vc\tools\msvc\14.10.25017\include\xstring(1978): note: see declaration of 'std::basic_string<char,std::char_traits<char>,std::allocator<char>>::basic_string'
f:\scoutingsteamworks\scoutingsteamworks\standing.h(61): warning C4927: illegal conversion; more than one user-defined conversion has been implicitly applied
  f:\scoutingsteamworks\scoutingsteamworks\standing.h(61): note: while calling the constructor 'std::basic_string<char,std::char_traits<char>,std::allocator<char>>::basic_string(const _Elem *const )'
          with
          [
              _Elem=char
          ]
  c:\program files (x86)\microsoft visual studio\2017\community\vc\tools\msvc\14.10.25017\include\xstring(1978): note: see declaration of 'std::basic_string<char,std::char_traits<char>,std::allocator<char>>::basic_string'
f:\scoutingsteamworks\scoutingsteamworks\sfmlcode.h(54): warning C4305: 'initializing': truncation from 'double' to 'float'
f:\scoutingsteamworks\scoutingsteamworks\sfmlcode.h(86): warning C4244: 'argument': conversion from 'const int' to 'float', possible loss of data
f:\scoutingsteamworks\scoutingsteamworks\sfmlcode.h(89): warning C4244: 'argument': conversion from 'const int' to 'float', possible loss of data
f:\scoutingsteamworks\scoutingsteamworks\sfmlcode.h(109): warning C4244: 'argument': conversion from 'const int' to 'float', possible loss of data
f:\scoutingsteamworks\scoutingsteamworks\sfmlcode.h(112): warning C4244: 'argument': conversion from 'const int' to 'float', possible loss of data
f:\scoutingsteamworks\scoutingsteamworks\sfmlcode.h(132): warning C4244: 'argument': conversion from 'const int' to 'float', possible loss of data
f:\scoutingsteamworks\scoutingsteamworks\sfmlcode.h(134): warning C4244: 'argument': conversion from 'const int' to 'float', possible loss of data
f:\scoutingsteamworks\scoutingsteamworks\sfmlcode.h(140): warning C4244: 'argument': conversion from 'const int' to 'float', possible loss of data
f:\scoutingsteamworks\scoutingsteamworks\sfmlcode.h(158): warning C4244: 'argument': conversion from 'const int' to 'float', possible loss of data
f:\scoutingsteamworks\scoutingsteamworks\sfmlcode.h(160): warning C4244: 'argument': conversion from 'const int' to 'float', possible loss of data
f:\scoutingsteamworks\scoutingsteamworks\sfmlcode.h(166): warning C4244: 'argument': conversion from 'const int' to 'float', possible loss of data
f:\scoutingsteamworks\scoutingsteamworks\sfmlcode.h(229): warning C4244: 'argument': conversion from 'double' to 'float', possible loss of data
f:\scoutingsteamworks\scoutingsteamworks\sfmlcode.h(238): warning C4244: 'argument': conversion from 'double' to 'float', possible loss of data
f:\scoutingsteamworks\scoutingsteamworks\sfmlcode.h(247): warning C4244: 'argument': conversion from 'double' to 'float', possible loss of data
f:\scoutingsteamworks\scoutingsteamworks\sfmlcode.h(256): warning C4244: 'argument': conversion from 'double' to 'float', possible loss of data
f:\scoutingsteamworks\scoutingsteamworks\sfmlcode.h(265): warning C4244: 'argument': conversion from 'double' to 'float', possible loss of data
f:\scoutingsteamworks\scoutingsteamworks\sfmlcode.h(274): warning C4244: 'argument': conversion from 'double' to 'float', possible loss of data
f:\scoutingsteamworks\scoutingsteamworks\sfmlcode.h(283): warning C4244: 'argument': conversion from 'double' to 'float', possible loss of data
f:\scoutingsteamworks\scoutingsteamworks\sfmlcode.h(303): warning C4244: 'argument': conversion from 'double' to 'float', possible loss of data
f:\scoutingsteamworks\scoutingsteamworks\sfmlcode.h(312): warning C4244: 'argument': conversion from 'double' to 'float', possible loss of data
f:\scoutingsteamworks\scoutingsteamworks\sfmlcode.h(321): warning C4244: 'argument': conversion from 'double' to 'float', possible loss of data
f:\scoutingsteamworks\scoutingsteamworks\sfmlcode.h(330): warning C4244: 'argument': conversion from 'double' to 'float', possible loss of data
f:\scoutingsteamworks\scoutingsteamworks\sfmlcode.h(339): warning C4244: 'argument': conversion from 'double' to 'float', possible loss of data
f:\scoutingsteamworks\scoutingsteamworks\sfmlcode.h(356): warning C4244: 'argument': conversion from 'double' to 'float', possible loss of data
f:\scoutingsteamworks\scoutingsteamworks\sfmlcode.h(364): warning C4244: 'argument': conversion from 'const int' to 'float', possible loss of data
f:\scoutingsteamworks\scoutingsteamworks\sfmlcode.h(378): warning C4244: 'argument': conversion from 'double' to 'float', possible loss of data
f:\scoutingsteamworks\scoutingsteamworks\sfmlcode.h(409): warning C4244: 'argument': conversion from 'double' to 'float', possible loss of data
f:\scoutingsteamworks\scoutingsteamworks\sfmlcode.h(418): warning C4244: 'argument': conversion from 'double' to 'float', possible loss of data
f:\scoutingsteamworks\scoutingsteamworks\sfmlcode.h(427): warning C4244: 'argument': conversion from 'double' to 'float', possible loss of data
f:\scoutingsteamworks\scoutingsteamworks\sfmlcode.h(436): warning C4244: 'argument': conversion from 'double' to 'float', possible loss of data
f:\scoutingsteamworks\scoutingsteamworks\sfmlcode.h(452): warning C4244: 'argument': conversion from 'double' to 'float', possible loss of data
f:\scoutingsteamworks\scoutingsteamworks\sfmlcode.h(470): warning C4244: 'argument': conversion from 'double' to 'float', possible loss of data
f:\scoutingsteamworks\scoutingsteamworks\sfmlcode.h(479): warning C4244: 'argument': conversion from 'double' to 'float', possible loss of data
f:\scoutingsteamworks\scoutingsteamworks\sfmlcode.h(488): warning C4244: 'argument': conversion from 'double' to 'float', possible loss of data
f:\scoutingsteamworks\scoutingsteamworks\sfmlcode.h(497): warning C4244: 'argument': conversion from 'double' to 'float', possible loss of data
f:\scoutingsteamworks\scoutingsteamworks\sfmlcode.h(506): warning C4244: 'argument': conversion from 'double' to 'float', possible loss of data
f:\scoutingsteamworks\scoutingsteamworks\sfmlcode.h(522): warning C4244: 'argument': conversion from 'const int' to 'float', possible loss of data
f:\scoutingsteamworks\scoutingsteamworks\sfmlcode.h(524): warning C4244: 'argument': conversion from 'double' to 'float', possible loss of data
f:\scoutingsteamworks\scoutingsteamworks\sfmlcode.h(532): warning C4244: 'argument': conversion from 'double' to 'float', possible loss of data
  ScoutingStronghold.vcxproj -> F:\ScoutingSteamworks\Debug\ScoutingSteamworks.exe
  ScoutingStronghold.vcxproj -> F:\ScoutingSteamworks\Debug\ScoutingSteamworks.pdb (Partial PDB)
